
> sheepdz@0.1.0 build
> next build

   ▲ Next.js 15.3.3
   - Environments: .env

   Creating an optimized production build ...
 ✓ Compiled successfully in 8.0s
   Linting and checking validity of types ...
Failed to compile.

./src/auth-config.ts:14:13
Type error: Type '(credentials: Record<"email" | "password", string> | undefined) => Promise<{ id: string; email: string; name: string | null; role: Role; wilayaId: string | null; wilaya: { ...; } | undefined; } | null>' is not assignable to type '(credentials: Record<"email" | "password", string> | undefined, req: Pick<RequestInternal, "query" | "body" | "headers" | "method">) => Awaitable<...>'.
  Type 'Promise<{ id: string; email: string; name: string | null; role: Role; wilayaId: string | null; wilaya: { id: string; name: string; code: string; } | undefined; } | null>' is not assignable to type 'Awaitable<User | null>'.
    Type 'Promise<{ id: string; email: string; name: string | null; role: Role; wilayaId: string | null; wilaya: { id: string; name: string; code: string; } | undefined; } | null>' is not assignable to type 'PromiseLike<User | null>'.
      Types of property 'then' are incompatible.
        Type '<TResult1 = { id: string; email: string; name: string | null; role: Role; wilayaId: string | null; wilaya: { id: string; name: string; code: string; } | undefined; } | null, TResult2 = never>(onfulfilled?: ((value: { id: string; ... 4 more ...; wilaya: { ...; } | undefined; } | null) => TResult1 | PromiseLike<...>) ...' is not assignable to type '<TResult1 = User | null, TResult2 = never>(onfulfilled?: ((value: User | null) => TResult1 | PromiseLike<TResult1>) | null | undefined, onrejected?: ((reason: any) => TResult2 | PromiseLike<...>) | null | undefined) => PromiseLike<...>'.
          Types of parameters 'onfulfilled' and 'onfulfilled' are incompatible.
            Types of parameters 'value' and 'value' are incompatible.
              Type '{ id: string; email: string; name: string | null; role: Role; wilayaId: string | null; wilaya: { id: string; name: string; code: string; } | undefined; } | null' is not assignable to type 'User | null'.
                Type '{ id: string; email: string; name: string | null; role: $Enums.Role; wilayaId: string | null; wilaya: { id: string; name: string; code: string; } | undefined; }' is not assignable to type 'User'.
                  Types of property 'wilayaId' are incompatible.
                    Type 'string | null' is not assignable to type 'string | undefined'.
                      Type 'null' is not assignable to type 'string | undefined'.

[0m [90m 12 |[39m         password[33m:[39m { label[33m:[39m [32m"Password"[39m[33m,[39m type[33m:[39m [32m"password"[39m }[0m
[0m [90m 13 |[39m       }[33m,[39m[0m
[0m[31m[1m>[22m[39m[90m 14 |[39m       [36masync[39m authorize(credentials) {[0m
[0m [90m    |[39m             [31m[1m^[22m[39m[0m
[0m [90m 15 |[39m         [36mif[39m ([33m![39mcredentials[33m?[39m[33m.[39memail [33m||[39m [33m![39mcredentials[33m?[39m[33m.[39mpassword) {[0m
[0m [90m 16 |[39m           [36mreturn[39m [36mnull[39m[0m
[0m [90m 17 |[39m         }[0m
Next.js build worker exited with code: 1 and signal: null
